2025-02-27 09:11:45,612,INFO: Python: 3.10., qt version 5.15.2
2025-02-27 09:11:45,613,INFO: Starting PlatformCalibration
2025-02-27 09:11:45,685,WARNING: Using defaults gains (unable to open gains config file shape.cfg)
2025-02-27 09:11:45,687,INFO: Using Festo controller socket 192.168.0.10:995 
2025-02-27 09:11:45,689,INFO: encoder directions are: [-1, 1, 1, 1, 1, 1]
2025-02-27 09:11:45,696,INFO: encoder default port is COM6
2025-02-27 09:11:45,697,INFO: imu default port is COM19
2025-02-27 09:11:45,699,INFO: scale default port is COM21
2025-02-27 09:11:45,700,INFO: model default port is COM22
2025-02-27 09:11:48,742,INFO: Finishing PlatformCalibration

2025-02-27 11:44:34,343,INFO: Python: 3.6.1, qt version 5.15.2
2025-02-27 11:44:34,343,INFO: Starting PlatformCalibration
2025-02-27 11:44:34,472,WARNING: Using defaults gains (unable to open gains config file shape.cfg)
2025-02-27 11:44:34,474,INFO: Using Festo controller socket 192.168.0.10:995 
2025-02-27 11:44:34,480,INFO: encoder directions are: [-1, 1, 1, 1, 1, 1]
2025-02-27 11:44:34,490,INFO: encoder default port is COM6
2025-02-27 11:44:34,491,INFO: imu default port is COM19
2025-02-27 11:44:34,491,INFO: scale default port is COM21
2025-02-27 11:44:34,492,INFO: model default port is COM22
2025-02-27 11:57:51,643,INFO: Finishing PlatformCalibration

2025-03-04 11:54:24,191,INFO: Python: 3.6.1, qt version 5.15.2
2025-03-04 11:54:24,192,INFO: Starting PlatformCalibration
2025-03-04 11:54:24,512,WARNING: Using defaults gains (unable to open gains config file shape.cfg)
2025-03-04 11:54:24,514,INFO: Using Festo controller socket 192.168.0.10:995 
2025-03-04 11:54:24,531,INFO: encoder directions are: [-1, 1, 1, 1, 1, 1]
2025-03-04 11:54:24,575,INFO: encoder default port is COM6
2025-03-04 11:54:24,577,INFO: imu default port is COM19
2025-03-04 11:54:24,578,INFO: scale default port is COM21
2025-03-04 11:54:24,580,INFO: model default port is COM22
2025-03-04 13:19:41,833,INFO: Finishing PlatformCalibration

2025-03-04 14:41:53,156,INFO: Python: 3.6.1, qt version 5.15.2
2025-03-04 14:41:53,156,INFO: Starting PlatformCalibration
2025-03-04 14:41:53,227,WARNING: Using defaults gains (unable to open gains config file shape.cfg)
2025-03-04 14:41:53,228,INFO: Using Festo controller socket 192.168.0.10:995 
2025-03-04 14:41:53,230,INFO: encoder directions are: [-1, 1, 1, 1, 1, 1]
2025-03-04 14:41:53,239,INFO: encoder default port is COM6
2025-03-04 14:41:53,239,INFO: imu default port is COM19
2025-03-04 14:41:53,240,INFO: scale default port is COM21
2025-03-04 14:41:53,241,INFO: model default port is COM22
2025-03-04 14:42:04,957,INFO: Finishing PlatformCalibration

2025-03-05 10:27:08,525,INFO: Python: 3.6.1, qt version 5.15.2
2025-03-05 10:27:08,526,INFO: Starting PlatformCalibration
2025-03-05 10:27:08,675,WARNING: Using defaults gains (unable to open gains config file shape.cfg)
2025-03-05 10:27:08,676,INFO: Using Festo controller socket 192.168.0.10:995 
2025-03-05 10:27:08,681,INFO: encoder directions are: [-1, 1, 1, 1, 1, 1]
2025-03-05 10:27:08,696,INFO: encoder default port is COM6
2025-03-05 10:27:08,697,INFO: imu default port is COM19
2025-03-05 10:27:08,697,INFO: scale default port is COM21
2025-03-05 10:27:08,697,INFO: model default port is COM22
2025-03-05 10:38:32,275,INFO: Data Capture started
2025-03-05 10:38:32,276,INFO: Buffers reset
2025-03-05 10:38:36,629,INFO: Data Capture stopped
2025-03-05 10:39:12,645,INFO: Finishing PlatformCalibration

2025-03-05 10:39:18,115,INFO: Python: 3.6.1, qt version 5.15.2
2025-03-05 10:39:18,119,INFO: Starting PlatformCalibration
2025-03-05 10:39:18,240,WARNING: Using defaults gains (unable to open gains config file shape.cfg)
2025-03-05 10:39:18,242,INFO: Using Festo controller socket 192.168.0.10:995 
2025-03-05 10:39:18,243,INFO: encoder directions are: [-1, 1, 1, 1, 1, 1]
2025-03-05 10:39:18,255,INFO: encoder default port is COM6
2025-03-05 10:39:18,255,INFO: imu default port is COM19
2025-03-05 10:39:18,256,INFO: scale default port is COM21
2025-03-05 10:39:18,256,INFO: model default port is COM22
2025-03-05 15:31:14,762,INFO: Python: 3.6.1, qt version 5.15.2
2025-03-05 15:31:14,763,INFO: Starting PlatformCalibration
2025-03-05 15:31:14,812,WARNING: Using defaults gains (unable to open gains config file shape.cfg)
2025-03-05 15:31:14,812,INFO: Using Festo controller socket 192.168.0.10:995 
2025-03-05 15:31:14,815,INFO: encoder directions are: [-1, 1, 1, 1, 1, 1]
2025-03-05 15:31:14,829,INFO: encoder default port is COM6
2025-03-05 15:31:14,830,INFO: imu default port is COM19
2025-03-05 15:31:14,830,INFO: scale default port is COM21
2025-03-05 15:31:14,830,INFO: model default port is COM22
2025-03-05 15:32:42,869,INFO: Finishing PlatformCalibration

